(---------------------------------------------------------------------)
(                                                                     )
(    ARTWORK LOG                                                      )
(                                                                     )
(    Drawing          : AVRUSB500_2.brd                               )
(    Software Version : 17.2P019                                      )
(    Date/Time        : Mon Jul 29 16:41:02 2019                      )
(                                                                     )
(---------------------------------------------------------------------)


 ---- Photoplot outline rectangle not found; using drawing extents.



Results from parameter file ...
    DEVICE-TYPE           GERBER_RS274X
    OUTPUT-UNITS          MM
    FILM-SIZE             2400000 1600000
    FORMAT                5.5
    ABORT-ON-ERROR        NO
    SCALE                 1
    SUPPRESS-LEAD-ZEROES  YES
    SUPPRESS-TRAIL-ZEROES NO
    SUPPRESS-EQUAL        YES
    UNDEF-APT-CONT        NO



================================================================
     PROCESSING FILM < SolderB >
     TO FILE < C:/Users/user/Desktop/ex/EXXX/allegro/gerber/SolderB.art > ...
================================================================

  FILM PARAMETERS :
  ---------------------------------------------------------
  Undefined line width                0.0000
  Suppress shape fill on neg film     NO
  Mirror code                         NONE
  Rotate angle                        NONE
  Offset x:                           0.0000
  Offset y:                           0.0000
  Plot negative                       NO
  Suppress unconnected internal pads  NO
  Draw holes only                     NO



  APERTURES USED:
  ---------------------------------------------------------
  TYPE       SIZE/NAME                   ROT   MIRROR MODE 
  ---------------------------------------------------------
  CIRCLE     1.32110                                  DARK 
  CIRCLE     1.57510                                  DARK 
  CIRCLE     3.68300                                  DARK 
  SQUARE     1.32110                     0.000 NO     DARK 
  SQUARE     1.57510                     0.000 NO     DARK 
  OBLONG     1.19990     x 1.89990      90.000 NO     DARK 

     SolderB created.


================================================================
     PROCESSING FILM < MetalB >
     TO FILE < C:/Users/user/Desktop/ex/EXXX/allegro/gerber/MetalB.art > ...
================================================================

  FILM PARAMETERS :
  ---------------------------------------------------------
  Undefined line width                0.0000
  Suppress shape fill on neg film     NO
  Mirror code                         NONE
  Rotate angle                        NONE
  Offset x:                           0.0000
  Offset y:                           0.0000
  Plot negative                       NO
  Suppress unconnected internal pads  NO
  Draw holes only                     NO



  APERTURES USED:  NONE
     MetalB created.


================================================================
     PROCESSING FILM < MetalT >
     TO FILE < C:/Users/user/Desktop/ex/EXXX/allegro/gerber/MetalT.art > ...
================================================================

  FILM PARAMETERS :
  ---------------------------------------------------------
  Undefined line width                0.0000
  Suppress shape fill on neg film     NO
  Mirror code                         NONE
  Rotate angle                        NONE
  Offset x:                           0.0000
  Offset y:                           0.0000
  Plot negative                       NO
  Suppress unconnected internal pads  NO
  Draw holes only                     NO



  APERTURES USED:
  ---------------------------------------------------------
  TYPE       SIZE/NAME                   ROT   MIRROR MODE 
  ---------------------------------------------------------
  RECTANGLE  0.40000     x 1.72010      90.000 NO     DARK 
  RECTANGLE  1.10010     x 1.72010      90.000 NO     DARK 
  RECTANGLE  1.77800     x 0.45690       0.000 NO     DARK 
  RECTANGLE  1.77800     x 0.45690      90.000 NO     DARK 
  RECTANGLE  2.84480     x 1.49860       0.000 NO     DARK 
  RECTANGLE  2.84480     x 1.49860      90.000 NO     DARK 
  OBLONG     1.77800     x 0.45690       0.000 NO     DARK 
  OBLONG     1.77800     x 0.45690      90.000 NO     DARK 

     MetalT created.


================================================================
     PROCESSING FILM < SolderT >
     TO FILE < C:/Users/user/Desktop/ex/EXXX/allegro/gerber/SolderT.art > ...
================================================================

  FILM PARAMETERS :
  ---------------------------------------------------------
  Undefined line width                0.0000
  Suppress shape fill on neg film     NO
  Mirror code                         NONE
  Rotate angle                        NONE
  Offset x:                           0.0000
  Offset y:                           0.0000
  Plot negative                       NO
  Suppress unconnected internal pads  NO
  Draw holes only                     NO



  APERTURES USED:
  ---------------------------------------------------------
  TYPE       SIZE/NAME                   ROT   MIRROR MODE 
  ---------------------------------------------------------
  CIRCLE     1.11800                                  DARK 
  CIRCLE     1.32110                                  DARK 
  CIRCLE     1.57510                                  DARK 
  CIRCLE     3.68300                                  DARK 
  SQUARE     1.32110                     0.000 NO     DARK 
  SQUARE     1.57510                     0.000 NO     DARK 
  RECTANGLE  0.40000     x 1.72010      90.000 NO     DARK 
  RECTANGLE  1.10010     x 1.72010      90.000 NO     DARK 
  RECTANGLE  1.77800     x 0.45690       0.000 NO     DARK 
  RECTANGLE  1.77800     x 0.45690      90.000 NO     DARK 
  RECTANGLE  2.84480     x 1.49860       0.000 NO     DARK 
  RECTANGLE  2.84480     x 1.49860      90.000 NO     DARK 
  OBLONG     1.19990     x 1.89990      90.000 NO     DARK 
  OBLONG     1.77800     x 0.45690       0.000 NO     DARK 
  OBLONG     1.77800     x 0.45690      90.000 NO     DARK 

     SolderT created.


================================================================
     PROCESSING FILM < Silkb >
     TO FILE < C:/Users/user/Desktop/ex/EXXX/allegro/gerber/Silkb.art > ...
================================================================

  FILM PARAMETERS :
  ---------------------------------------------------------
  Undefined line width                0.2000
  Suppress shape fill on neg film     NO
  Mirror code                         NONE
  Rotate angle                        NONE
  Offset x:                           0.0000
  Offset y:                           0.0000
  Plot negative                       NO
  Suppress unconnected internal pads  NO
  Draw holes only                     NO



  APERTURES USED:  NONE
     Silkb created.


================================================================
     PROCESSING FILM < Silkt >
     TO FILE < C:/Users/user/Desktop/ex/EXXX/allegro/gerber/Silkt.art > ...
================================================================

  FILM PARAMETERS :
  ---------------------------------------------------------
  Undefined line width                0.2000
  Suppress shape fill on neg film     NO
  Mirror code                         NONE
  Rotate angle                        NONE
  Offset x:                           0.0000
  Offset y:                           0.0000
  Plot negative                       NO
  Suppress unconnected internal pads  NO
  Draw holes only                     NO

    WARNING: text composed 0 width line found at (447.4800 271.8000)
           ... using undefined line width of 0.2000

    WARNING: text having Multiple 0 width lines; all will be treated the same as the first.
           ... using undefined line width of 0.2000



  APERTURES USED:
  ---------------------------------------------------------
  TYPE       SIZE/NAME                   ROT   MIRROR MODE 
  ---------------------------------------------------------
  CIRCLE     0.15240                                  DARK 
  CIRCLE     0.20000                                  DARK 
  CIRCLE     0.20300                                  DARK 
  CIRCLE     0.25400                                  DARK 

     Silkt created with warnings


================================================================
     PROCESSING FILM < Design >
     TO FILE < C:/Users/user/Desktop/ex/EXXX/allegro/gerber/Design.art > ...
================================================================

  FILM PARAMETERS :
  ---------------------------------------------------------
  Undefined line width                0.1000
  Suppress shape fill on neg film     NO
  Mirror code                         NONE
  Rotate angle                        NONE
  Offset x:                           0.0000
  Offset y:                           0.0000
  Plot negative                       NO
  Suppress unconnected internal pads  NO
  Draw holes only                     NO

    WARNING: Film contains layer ROUTE KEEPOUT/ALL that should not normally be used etch (conductor) layers.
    WARNING: Film contains layer ROUTE KEEPIN/ALL that should not normally be used etch (conductor) layers.
    WARNING: Film contains layer PACKAGE KEEPIN/ALL that should not normally be used etch (conductor) layers.
           
    WARNING: more than one pin class in film record
    WARNING: more than one via class in film record
    WARNING: more than one etch class in film record
    WARNING: Null REGULAR-PAD specified for padstack SM_LLB_PAD22_1 at (443.2300 274.3200).
    WARNING: Null REGULAR-PAD specified for padstack SM_LLB_PAD23_1 at (447.4972 274.3200).
    WARNING: Null REGULAR-PAD specified for padstack SM_LLB_PAD22_1 at (443.8650 283.2100).
    WARNING: Null REGULAR-PAD specified for padstack SM_LLB_PAD23_1 at (448.1322 283.2100).
    WARNING: Null REGULAR-PAD specified for padstack SM_LLB_PAD22_1 at (448.9450 291.4650).
    WARNING: Null REGULAR-PAD specified for padstack SM_LLB_PAD23_1 at (453.2122 291.4650).
    WARNING: Null REGULAR-PAD specified for padstack QUAD_LLB_PAD95_1 at (461.2480 281.7520).
    WARNING: Null REGULAR-PAD specified for padstack QUAD_LLB_PAD96_1 at (462.0480 281.7520).
    WARNING: Null REGULAR-PAD specified for padstack QUAD_LLB_PAD95_1 at (462.8480 281.7520).
    WARNING: Null REGULAR-PAD specified for padstack QUAD_LLB_PAD95_1 at (463.6480 281.7520).
    WARNING: Null REGULAR-PAD specified for padstack QUAD_LLB_PAD95_1 at (464.4480 281.7520).
    WARNING: Null REGULAR-PAD specified for padstack QUAD_LLB_PAD93_1 at (459.8000 288.8000).
    WARNING: Null REGULAR-PAD specified for padstack QUAD_LLB_PAD94_1 at (459.8000 288.0000).
    WARNING: Null REGULAR-PAD specified for padstack QUAD_LLB_PAD94_1 at (459.8000 287.2000).
    WARNING: Null REGULAR-PAD specified for padstack QUAD_LLB_PAD94_1 at (459.8000 286.4000).
    WARNING: Null REGULAR-PAD specified for padstack QUAD_LLB_PAD94_1 at (459.8000 285.6000).
    WARNING: Null REGULAR-PAD specified for padstack QUAD_LLB_PAD94_1 at (459.8000 284.8000).
    WARNING: Null REGULAR-PAD specified for padstack QUAD_LLB_PAD94_1 at (459.8000 283.9990).
    WARNING: Null REGULAR-PAD specified for padstack QUAD_LLB_PAD94_1 at (459.8000 283.1990).
    WARNING: Null REGULAR-PAD specified for padstack QUAD_LLB_PAD99 at (464.4480 290.2480).
    WARNING: Null REGULAR-PAD specified for padstack QUAD_LLB_PAD99 at (463.6480 290.2480).
    WARNING: Null REGULAR-PAD specified for padstack QUAD_LLB_PAD100 at (462.8480 290.2480).
    WARNING: Null REGULAR-PAD specified for padstack QUAD_LLB_PAD99 at (462.0480 290.2480).
    WARNING: Null REGULAR-PAD specified for padstack QUAD_LLB_PAD99 at (461.2480 290.2480).
    WARNING: Null REGULAR-PAD specified for padstack SM_LLB_PAD22_1 at (473.7100 264.1600).
    WARNING: Null REGULAR-PAD specified for padstack SM_LLB_PAD22_1 at (467.3600 267.3350).
    WARNING: Null REGULAR-PAD specified for padstack SM_LLB_PAD23_1 at (467.3600 263.0678).
    WARNING: Null REGULAR-PAD specified for padstack SM_LLB_PAD23_1 at (473.7100 268.4272).
    WARNING: Null REGULAR-PAD specified for padstack QUAD_LLB_PAD95_1 at (465.2480 281.7520).
    WARNING: Null REGULAR-PAD specified for padstack QUAD_LLB_PAD95_1 at (466.0480 281.7520).
    WARNING: Null REGULAR-PAD specified for padstack QUAD_LLB_PAD95_1 at (466.8480 281.7520).
    WARNING: Null REGULAR-PAD specified for padstack QUAD_LLB_PAD97_1 at (468.2960 283.1990).
    WARNING: Null REGULAR-PAD specified for padstack QUAD_LLB_PAD97_1 at (468.2960 283.9990).
    WARNING: Null REGULAR-PAD specified for padstack QUAD_LLB_PAD97_1 at (468.2960 284.8000).
    WARNING: Null REGULAR-PAD specified for padstack QUAD_LLB_PAD98_1 at (468.2960 285.6000).
    WARNING: Null REGULAR-PAD specified for padstack QUAD_LLB_PAD97_1 at (468.2960 286.4000).
    WARNING: Null REGULAR-PAD specified for padstack QUAD_LLB_PAD97_1 at (468.2960 287.2000).
    WARNING: Null REGULAR-PAD specified for padstack QUAD_LLB_PAD97_1 at (468.2960 288.0000).
    WARNING: Null REGULAR-PAD specified for padstack QUAD_LLB_PAD97_1 at (468.2960 288.8000).
    WARNING: Null REGULAR-PAD specified for padstack QUAD_LLB_PAD99 at (466.8480 290.2480).
    WARNING: Null REGULAR-PAD specified for padstack QUAD_LLB_PAD99 at (466.0480 290.2480).
    WARNING: Null REGULAR-PAD specified for padstack QUAD_LLB_PAD99 at (465.2480 290.2480).
    WARNING: Null REGULAR-PAD specified for padstack SM_LLB_PAD22_1 at (477.5200 279.4000).
    WARNING: Null REGULAR-PAD specified for padstack SM_LLB_PAD22_1 at (476.2500 288.9250).
    WARNING: Null REGULAR-PAD specified for padstack SM_LLB_PAD23_1 at (480.5172 288.9250).
    WARNING: Null REGULAR-PAD specified for padstack SM_LLB_PAD22_1 at (476.8850 284.4800).
    WARNING: Null REGULAR-PAD specified for padstack SM_LLB_PAD22_1 at (476.2500 293.3700).
    WARNING: Null REGULAR-PAD specified for padstack SM_LLB_PAD23_1 at (480.5172 293.3700).
    WARNING: Null REGULAR-PAD specified for padstack SM_LLB_PAD22_1 at (483.2350 259.7150).
    WARNING: Null REGULAR-PAD specified for padstack SM_LLB_PAD23_1 at (487.5022 259.7150).
    WARNING: Null REGULAR-PAD specified for padstack MICRO_USB_GND at (485.1000 267.9000).
    WARNING: Null REGULAR-PAD specified for padstack MICRO_USB_GND at (485.1000 272.5000).
    WARNING: Null REGULAR-PAD specified for padstack MICRO_USB_PIN at (485.1000 270.8500).
    WARNING: Null REGULAR-PAD specified for padstack MICRO_USB_PIN at (485.1000 271.5000).
    WARNING: Null REGULAR-PAD specified for padstack MICRO_USB_PIN at (485.1000 268.9000).
    WARNING: Null REGULAR-PAD specified for padstack MICRO_USB_PIN at (485.1000 269.5500).
    WARNING: Null REGULAR-PAD specified for padstack MICRO_USB_PIN at (485.1000 270.2000).
    WARNING: Null REGULAR-PAD specified for padstack SM_LLB_PAD23_1 at (481.7872 279.4000).
    WARNING: Null REGULAR-PAD specified for padstack SM_LLB_PAD23_1 at (481.1522 284.4800).
    WARNING: Null REGULAR-PAD specified for padstack SM_LLB_PAD22_1 at (491.4900 267.3350).
    WARNING: Null REGULAR-PAD specified for padstack SM_LLB_PAD23_1 at (495.7572 267.3350).
    WARNING: Null REGULAR-PAD specified for padstack SM_LLB_PAD22_1 at (494.0300 260.9850).
    WARNING: Null REGULAR-PAD specified for padstack SM_LLB_PAD22_1 at (491.4900 271.7800).
    WARNING: Null REGULAR-PAD specified for padstack SM_LLB_PAD23_1 at (495.7572 271.7800).
    WARNING: Null REGULAR-PAD specified for padstack SM_LLB_PAD22_1 at (491.4900 276.2250).
    WARNING: Null REGULAR-PAD specified for padstack SM_LLB_PAD23_1 at (495.7572 276.2250).
    WARNING: Null REGULAR-PAD specified for padstack SM_LLB_PAD23_1 at (498.2972 260.9850).
    WARNING: Null REGULAR-PAD specified for padstack QUAD_LLB_PAD94_1 at (508.6350 266.1790).
    WARNING: Null REGULAR-PAD specified for padstack QUAD_LLB_PAD95_1 at (510.0830 264.7320).
    WARNING: Null REGULAR-PAD specified for padstack QUAD_LLB_PAD93_1 at (508.6350 271.7800).
    WARNING: Null REGULAR-PAD specified for padstack QUAD_LLB_PAD94_1 at (508.6350 270.9800).
    WARNING: Null REGULAR-PAD specified for padstack QUAD_LLB_PAD94_1 at (508.6350 270.1800).
    WARNING: Null REGULAR-PAD specified for padstack QUAD_LLB_PAD94_1 at (508.6350 269.3800).
    WARNING: Null REGULAR-PAD specified for padstack QUAD_LLB_PAD94_1 at (508.6350 268.5800).
    WARNING: Null REGULAR-PAD specified for padstack QUAD_LLB_PAD94_1 at (508.6350 267.7800).
    WARNING: Null REGULAR-PAD specified for padstack QUAD_LLB_PAD94_1 at (508.6350 266.9790).
    WARNING: Null REGULAR-PAD specified for padstack QUAD_LLB_PAD99 at (510.0830 273.2280).
    WARNING: Null REGULAR-PAD specified for padstack SM_LLB_PAD22_1 at (505.4600 285.7500).
    WARNING: Null REGULAR-PAD specified for padstack SM_LLB_PAD23_1 at (509.7272 285.7500).
    WARNING: Null REGULAR-PAD specified for padstack SM_LLB_PAD22_1 at (504.8250 293.3700).
    WARNING: Null REGULAR-PAD specified for padstack SM_LLB_PAD23_1 at (509.0922 293.3700).
    WARNING: Null REGULAR-PAD specified for padstack QUAD_LLB_PAD96_1 at (510.8830 264.7320).
    WARNING: Null REGULAR-PAD specified for padstack QUAD_LLB_PAD95_1 at (511.6830 264.7320).
    WARNING: Null REGULAR-PAD specified for padstack QUAD_LLB_PAD95_1 at (512.4830 264.7320).
    WARNING: Null REGULAR-PAD specified for padstack QUAD_LLB_PAD95_1 at (513.2830 264.7320).
    WARNING: Null REGULAR-PAD specified for padstack QUAD_LLB_PAD95_1 at (514.0830 264.7320).
    WARNING: Null REGULAR-PAD specified for padstack QUAD_LLB_PAD95_1 at (514.8830 264.7320).
    WARNING: Null REGULAR-PAD specified for padstack QUAD_LLB_PAD95_1 at (515.6830 264.7320).
    WARNING: Null REGULAR-PAD specified for padstack QUAD_LLB_PAD97_1 at (517.1310 266.1790).
    WARNING: Null REGULAR-PAD specified for padstack QUAD_LLB_PAD97_1 at (517.1310 266.9790).
    WARNING: Null REGULAR-PAD specified for padstack QUAD_LLB_PAD97_1 at (517.1310 267.7800).
    WARNING: Null REGULAR-PAD specified for padstack QUAD_LLB_PAD98_1 at (517.1310 268.5800).
    WARNING: Null REGULAR-PAD specified for padstack QUAD_LLB_PAD97_1 at (517.1310 269.3800).
    WARNING: Null REGULAR-PAD specified for padstack QUAD_LLB_PAD97_1 at (517.1310 270.1800).
    WARNING: Null REGULAR-PAD specified for padstack QUAD_LLB_PAD97_1 at (517.1310 270.9800).
    WARNING: Null REGULAR-PAD specified for padstack QUAD_LLB_PAD97_1 at (517.1310 271.7800).
    WARNING: Null REGULAR-PAD specified for padstack QUAD_LLB_PAD99 at (515.6830 273.2280).
    WARNING: Null REGULAR-PAD specified for padstack QUAD_LLB_PAD99 at (514.8830 273.2280).
    WARNING: Null REGULAR-PAD specified for padstack QUAD_LLB_PAD99 at (514.0830 273.2280).
    WARNING: Null REGULAR-PAD specified for padstack QUAD_LLB_PAD99 at (513.2830 273.2280).
    WARNING: Null REGULAR-PAD specified for padstack QUAD_LLB_PAD99 at (512.4830 273.2280).
    WARNING: Null REGULAR-PAD specified for padstack QUAD_LLB_PAD100 at (511.6830 273.2280).
    WARNING: Null REGULAR-PAD specified for padstack QUAD_LLB_PAD99 at (510.8830 273.2280).
    WARNING: Null REGULAR-PAD specified for padstack SM_LLB_PAD22_1 at (528.9550 263.5250).
    WARNING: Null REGULAR-PAD specified for padstack SM_LLB_PAD23_1 at (533.2222 263.5250).
    WARNING: Null REGULAR-PAD specified for padstack SM_LLB_PAD22_1 at (528.9550 273.0500).
    WARNING: Null REGULAR-PAD specified for padstack SM_LLB_PAD23_1 at (533.2222 273.0500).
    WARNING: Null REGULAR-PAD specified for padstack SM_LLB_PAD22_1 at (528.9550 268.6050).
    WARNING: Null REGULAR-PAD specified for padstack SM_LLB_PAD23_1 at (533.2222 268.6050).
    WARNING: Null REGULAR-PAD specified for padstack SM_LLB_PAD22_1 at (528.9550 277.4950).
    WARNING: Null REGULAR-PAD specified for padstack SM_LLB_PAD23_1 at (533.2222 277.4950).
    WARNING: Null REGULAR-PAD specified for padstack SM_LLB_PAD22_1 at (528.3200 288.2900).
    WARNING: Null REGULAR-PAD specified for padstack SM_LLB_PAD23_1 at (530.4028 284.4800).
    WARNING: Null REGULAR-PAD specified for padstack SM_LLB_PAD23_1 at (528.3200 292.5572).
    WARNING: Null REGULAR-PAD specified for padstack SM_LLB_PAD22_1 at (534.6700 284.4800).


  APERTURES USED:
  ---------------------------------------------------------
  TYPE       SIZE/NAME                   ROT   MIRROR MODE 
  ---------------------------------------------------------
  CIRCLE     0.10000                                  DARK 
  CIRCLE     0.15240                                  DARK 
  CIRCLE     0.20300                                  DARK 
  CIRCLE     0.25400                                  DARK 
  CIRCLE     0.38100                                  DARK 
  CIRCLE     0.61000                                  DARK 
  CIRCLE     0.63500                                  DARK 
  CIRCLE     1.32110                                  DARK 
  CIRCLE     1.57510                                  DARK 
  SQUARE     1.32110                     0.000 NO     DARK 
  SQUARE     1.57510                     0.000 NO     DARK 
  RECTANGLE  0.40000     x 1.72010      90.000 NO     DARK 
  RECTANGLE  1.10010     x 1.72010      90.000 NO     DARK 
  RECTANGLE  1.77800     x 0.45690       0.000 NO     DARK 
  RECTANGLE  1.77800     x 0.45690      90.000 NO     DARK 
  RECTANGLE  2.84480     x 1.49860       0.000 NO     DARK 
  RECTANGLE  2.84480     x 1.49860      90.000 NO     DARK 
  OBLONG     1.19990     x 1.89990      90.000 NO     DARK 
  OBLONG     1.77800     x 0.45690       0.000 NO     DARK 
  OBLONG     1.77800     x 0.45690      90.000 NO     DARK 

     Design created with warnings


================================================================
     PROCESSING FILM < BOTTOM >
     TO FILE < C:/Users/user/Desktop/ex/EXXX/allegro/gerber/BOTTOM.art > ...
================================================================

  FILM PARAMETERS :
  ---------------------------------------------------------
  Undefined line width                0.0000
  Suppress shape fill on neg film     NO
  Mirror code                         NONE
  Rotate angle                        NONE
  Offset x:                           0.0000
  Offset y:                           0.0000
  Plot negative                       NO
  Suppress unconnected internal pads  NO
  Draw holes only                     NO



  APERTURES USED:
  ---------------------------------------------------------
  TYPE       SIZE/NAME                   ROT   MIRROR MODE 
  ---------------------------------------------------------
  CIRCLE     0.25400                                  DARK 
  CIRCLE     0.38100                                  DARK 
  CIRCLE     0.61000                                  DARK 
  CIRCLE     0.63500                                  DARK 
  CIRCLE     1.32110                                  DARK 
  CIRCLE     1.57510                                  DARK 
  SQUARE     1.32110                     0.000 NO     DARK 
  SQUARE     1.57510                     0.000 NO     DARK 
  OBLONG     1.19990     x 1.89990      90.000 NO     DARK 

     BOTTOM created.


================================================================
     PROCESSING FILM < TOP >
     TO FILE < C:/Users/user/Desktop/ex/EXXX/allegro/gerber/TOP.art > ...
================================================================

  FILM PARAMETERS :
  ---------------------------------------------------------
  Undefined line width                0.0000
  Suppress shape fill on neg film     NO
  Mirror code                         NONE
  Rotate angle                        NONE
  Offset x:                           0.0000
  Offset y:                           0.0000
  Plot negative                       NO
  Suppress unconnected internal pads  NO
  Draw holes only                     NO



  APERTURES USED:
  ---------------------------------------------------------
  TYPE       SIZE/NAME                   ROT   MIRROR MODE 
  ---------------------------------------------------------
  CIRCLE     0.25400                                  DARK 
  CIRCLE     0.38100                                  DARK 
  CIRCLE     0.61000                                  DARK 
  CIRCLE     0.63500                                  DARK 
  CIRCLE     1.32110                                  DARK 
  CIRCLE     1.57510                                  DARK 
  SQUARE     1.32110                     0.000 NO     DARK 
  SQUARE     1.57510                     0.000 NO     DARK 
  RECTANGLE  0.40000     x 1.72010      90.000 NO     DARK 
  RECTANGLE  1.10010     x 1.72010      90.000 NO     DARK 
  RECTANGLE  1.77800     x 0.45690       0.000 NO     DARK 
  RECTANGLE  1.77800     x 0.45690      90.000 NO     DARK 
  RECTANGLE  2.84480     x 1.49860       0.000 NO     DARK 
  RECTANGLE  2.84480     x 1.49860      90.000 NO     DARK 
  OBLONG     1.19990     x 1.89990      90.000 NO     DARK 
  OBLONG     1.77800     x 0.45690       0.000 NO     DARK 
  OBLONG     1.77800     x 0.45690      90.000 NO     DARK 

     TOP created.


================================================================
     PROCESSING FILM < silktop >
     TO FILE < C:/Users/user/Desktop/ex/EXXX/allegro/gerber/silktop.art > ...
================================================================

  FILM PARAMETERS :
  ---------------------------------------------------------
  Undefined line width                0.0000
  Mirror code                         NONE
  Rotate angle                        NONE
  Offset x:                           0.0000
  Offset y:                           0.0000
  Plot negative                       NO
  Suppress unconnected internal pads  NO
  Draw holes only                     NO



  APERTURES USED:
  ---------------------------------------------------------
  TYPE       SIZE/NAME                   ROT   MIRROR MODE 
  ---------------------------------------------------------
  CIRCLE     0.15240                                  DARK 
  CIRCLE     0.20300                                  DARK 
  CIRCLE     0.25400                                  DARK 

     silktop created.


================================================================
     PROCESSING FILM < silkbot >
     TO FILE < C:/Users/user/Desktop/ex/EXXX/allegro/gerber/silkbot.art > ...
================================================================

  FILM PARAMETERS :
  ---------------------------------------------------------
  Undefined line width                0.0000
  Mirror code                         NONE
  Rotate angle                        NONE
  Offset x:                           0.0000
  Offset y:                           0.0000
  Plot negative                       NO
  Suppress unconnected internal pads  NO
  Draw holes only                     NO



  APERTURES USED:
  ---------------------------------------------------------
  TYPE       SIZE/NAME                   ROT   MIRROR MODE 
  ---------------------------------------------------------
  CIRCLE     0.20000                                  DARK 

     silkbot created.


================================================================
     PROCESSING FILM < DrillDraw >
     TO FILE < C:/Users/user/Desktop/ex/EXXX/allegro/gerber/DrillDraw.art > ...
================================================================

  FILM PARAMETERS :
  ---------------------------------------------------------
  Undefined line width                0.0000
  Mirror code                         NONE
  Rotate angle                        NONE
  Offset x:                           0.0000
  Offset y:                           0.0000
  Plot negative                       NO
  Suppress unconnected internal pads  NO
  Draw holes only                     NO

    WARNING: rectangle or unfilled shape composed 0 width line found at (439.4200 254.0000)
           ... ignored.

    WARNING: rectangle or unfilled shape having Multiple 0 width lines; all will be treated the same as the first.
           ... ignored.

    WARNING: 0 width line found at (563.6000 258.9300)
           ... ignored.

    WARNING: Multiple 0 width lines; all will be treated the same as the first.
           ... ignored.



  APERTURES USED:  NONE
     DrillDraw created with warnings


------------------------------------------------------
 SUMMARY:
        SolderB created.
        MetalB created.
        MetalT created.
        SolderT created.
        Silkb created.
        Silkt created with warnings
        Design created with warnings
        BOTTOM created.
        TOP created.
        silktop created.
        silkbot created.
        DrillDraw created with warnings

 ARTWORK had warnings
