(---------------------------------------------------------------------)
(                                                                     )
(    QUICKPLACE LOG                                                   )
(                                                                     )
(    Drawing          : AVRUSB500.brd                                 )
(    Software Version : 16.6S034                                      )
(    Date/Time        : Thu Jul 18 22:09:39 2019                      )
(                                                                     )
(---------------------------------------------------------------------)


State: Placing on layer TOP

         Placed symbol:  IC1 / ATMEGA8-DIL28_1_QUAD80M32WG900_ / QUAD80M32WG900 at (453.3212 320.7932)
         Placed symbol:  U1 / FT232BM_2_QUAD80M32WG900_FT232B / QUAD80M32WG900 at (464.5604 320.7932)
         Placed symbol:  J4 / CON5_BLKCON100VHTM1SQSW1005_FIR / BLKCON100VHTM1SQSW1005 at (474.5806 320.8952)
         Placed symbol:  J2 / CON4_7_MICRO_USB_USBA_ / MICRO_USB at (492.4428 321.1232)
         Placed symbol:  J1 / CON5_BLKCON100VHTM1SQSW1005_BBP / BLKCON100VHTM1SQSW1005 at (500.1450 320.8952)
         Placed symbol:  J3 / CON5_BLKCON100VHTM1SQSW1005_AVR / BLKCON100VHTM1SQSW1005 at (513.5062 320.8952)
         Placed symbol:  C5 / CAPACITOR NON-POL_CPCYL1D225L_3 / CPCYL1D225LS100031 at (527.0574 322.4822)
         Placed symbol:  C10 / CAPACITOR NON-POL_CPCYL1D225L_1 / CPCYL1D225LS100031 at (533.1786 322.4822)
         Placed symbol:  C7 / CAPACITOR NON-POL_CPCYL1D225L_3 / CPCYL1D225LS100031 at (539.2998 322.4822)
         Placed symbol:  C4 / CAPACITOR NON-POL_CPCYL1D225LS1 / CPCYL1D225LS100031 at (545.4210 322.4822)
         Placed symbol:  D1 / LED_CYLD250LS125031_LED_ / CYLD250LS125031 at (551.5422 322.8002)
         Placed symbol:  C8 / CAPACITOR NON-POL_CPCYL1D225L_3 / CPCYL1D225LS100031 at (452.2922 333.7214)
         Placed symbol:  C3 / CAPACITOR NON-POL_CPCYL1D225L_2 / CPCYL1D225LS100031 at (458.4134 333.7214)
         Placed symbol:  C6 / CAPACITOR POL_CPCYL1D225LS10003 / CPCYL1D225LS100031 at (464.5346 333.7214)
         Placed symbol:  C2 / CAPACITOR NON-POL_CPCYL1D225L_2 / CPCYL1D225LS100031 at (470.6558 333.7214)
         Placed symbol:  C9 / CAPACITOR NON-POL_CPCYL1D225L_3 / CPCYL1D225LS100031 at (476.7770 333.7214)
         Placed symbol:  R1 / R_AX400X100031_470_SMDRES / AX400X100031 at (482.2502 332.1344)
         Placed symbol:  C1 / CAPACITOR NON-POL_CPCYL1D225LS1 / CPCYL1D225LS100031 at (495.3434 333.7214)
         Placed symbol:  R11 / R_AX400X100031_1K_SMDRES / AX400X100031 at (500.8166 332.1344)
         Placed symbol:  R13 / R_AX400X100031_1K_SMDRES / AX400X100031 at (513.2618 332.1344)
         Placed symbol:  R12 / R_AX400X100031_220_SMDRES / AX400X100031 at (525.7070 332.1344)
         Placed symbol:  R14 / R_AX400X100031_220_SMDRES / AX400X100031 at (538.1522 332.1344)
         Placed symbol:  R15 / R_AX400X100031_220_SMDRES / AX400X100031 at (451.6442 338.2556)
         Placed symbol:  R2 / R_AX400X100031_220_SMDRES / AX400X100031 at (464.0894 338.2556)
         Placed symbol:  R3 / R_AX400X100031_220_SMDRES / AX400X100031 at (476.5346 338.2556)
         Placed symbol:  R4 / R_AX400X100031_220_SMDRES / AX400X100031 at (488.9798 338.2556)
         Placed symbol:  R5 / R_AX400X100031_27_SMDRES / AX400X100031 at (501.4250 338.2556)
         Placed symbol:  R6 / R_AX400X100031_27_SMDRES / AX400X100031 at (513.8702 338.2556)
         Placed symbol:  R7 / R_AX400X100031_1.5K_SMDRES / AX400X100031 at (526.3154 338.2556)
         Placed symbol:  R8 / R_AX400X100031_2.2_SMDRES / AX400X100031 at (538.7606 338.2556)
         Placed symbol:  R9 / R_AX400X100031_10K_SMDRES / AX400X100031 at (451.6442 341.2028)
         Placed symbol:  R10 / R_AX400X100031_470_SMDRES / AX400X100031 at (464.0894 341.2028)
         Placed symbol:  Y1 / ZTA_RAD450X200LS300031_3.6864MH / RAD450X200LS300031 at (477.5006 342.4728)
         Placed symbol:  Y2 / ZTA_RAD450X200LS300031_6MHZ_ / RAD450X200LS300031 at (489.3378 342.4728)


Placed 34 of 34 applicable (34 total) symbols.

-----------------------------------------------------------------------

